<?xml version="1.0" encoding="UTF-8"?>
<!-- Generated by org.testng.reporters.JUnitReportReporter -->
<testsuite hostname="DESKTOP-K88N4KF" failures="0" tests="1" name="module4assignment.datadrivenexcellogin" time="0.000" errors="0" timestamp="2023-01-06T11:00:45 IST" skipped="1">
  <testcase classname="module4assignment.datadrivenexcellogin" name="loginTest" time="0.000">
    <skipped/>
  </testcase> <!-- loginTest -->
  <system-out/>
</testsuite> <!-- module4assignment.datadrivenexcellogin -->
