<?xml version="1.0" encoding="UTF-8"?>
<!-- Generated by org.testng.reporters.JUnitReportReporter -->
<testsuite hostname="DESKTOP-K88N4KF" failures="0" tests="1" name="module3assigment.Assignment2" time="35.975" errors="0" timestamp="2022-12-24T10:53:42 IST" skipped="0">
  <testcase classname="module3assigment.Assignment2" name="validatelogin" time="35.975"/>
  <system-out/>
</testsuite> <!-- module3assigment.Assignment2 -->
