<?xml version="1.0" encoding="UTF-8"?>
<!-- Generated by org.testng.reporters.JUnitReportReporter -->
<testsuite hostname="DESKTOP-K88N4KF" failures="0" tests="1" name="module4assignment.assignemt4" time="0.000" errors="0" timestamp="2023-01-06T10:59:09 IST" skipped="1">
  <testcase classname="module4assignment.assignemt4" name="validatelogin" time="0.000">
    <skipped/>
  </testcase> <!-- validatelogin -->
  <system-out/>
</testsuite> <!-- module4assignment.assignemt4 -->
