<?xml version="1.0" encoding="UTF-8"?>
<!-- Generated by org.testng.reporters.JUnitReportReporter -->
<testsuite hostname="DESKTOP-K88N4KF" failures="0" tests="1" name="module4assignment.datadrivenloginassign1" time="15.034" errors="0" timestamp="2023-01-08T11:18:10 IST" skipped="0">
  <testcase classname="module4assignment.datadrivenloginassign1" name="validatelogin" time="15.034"/>
  <system-out/>
</testsuite> <!-- module4assignment.datadrivenloginassign1 -->
