<?xml version="1.0" encoding="UTF-8"?>
<!-- Generated by org.testng.reporters.JUnitReportReporter -->
<testsuite hostname="DESKTOP-K88N4KF" failures="0" tests="1" name="module4assignment.TestcasesPOM" time="0.000" errors="0" timestamp="2023-01-08T10:35:42 IST" skipped="1">
  <testcase classname="module4assignment.TestcasesPOM" name="getquote" time="0.000">
    <skipped/>
  </testcase> <!-- getquote -->
  <system-out/>
</testsuite> <!-- module4assignment.TestcasesPOM -->
